-------------------------------------------------------------------------------
Test set: com.nouhoun.springboot.jwt.integration.SpringbootJwtApplicationTests
-------------------------------------------------------------------------------
Tests run: 1, Failures: 0, Errors: 1, Skipped: 0, Time elapsed: 2.691 s <<< FAILURE! - in com.nouhoun.springboot.jwt.integration.SpringbootJwtApplicationTests
contextLoads  Time elapsed: 0.004 s  <<< ERROR!
java.lang.IllegalStateException: Failed to load ApplicationContext
Caused by: org.springframework.beans.factory.BeanDefinitionStoreException: Failed to parse configuration class [com.nouhoun.springboot.jwt.integration.SpringbootJwtApplication]; nested exception is java.io.FileNotFoundException: class path resource [org/springframework/security/oauth2/config/annotation/web/configuration/AuthorizationServerConfigurerAdapter.class] cannot be opened because it does not exist
Caused by: java.io.FileNotFoundException: class path resource [org/springframework/security/oauth2/config/annotation/web/configuration/AuthorizationServerConfigurerAdapter.class] cannot be opened because it does not exist

